fatal: GET con / - 29/5/2023
fatal: GET con /css/styles.css - 29/5/2023
fatal: GET con /favicon.ico - 29/5/2023
fatal: GET con / - 29/5/2023
fatal: GET con /css/styles.css - 29/5/2023
fatal: GET con /favicon.ico - 29/5/2023
fatal: GET con /login - 29/5/2023
fatal: GET con /css/styles.css - 29/5/2023
fatal: GET con /js/login.js - 29/5/2023
fatal: GET con /favicon.ico - 29/5/2023
fatal: GET con /favicon.ico - 29/5/2023
fatal: GET con / - 29/5/2023
fatal: GET con / - 29/5/2023
fatal: GET con /css/styles.css - 29/5/2023
fatal: GET con /favicon.ico - 29/5/2023
fatal: GET con / - 29/5/2023
fatal: GET con /css/styles.css - 29/5/2023
fatal: GET con /favicon.ico - 29/5/2023
fatal: GET con /login - 29/5/2023
fatal: GET con /css/styles.css - 29/5/2023
fatal: GET con /js/login.js - 29/5/2023
fatal: GET con /favicon.ico - 29/5/2023
fatal: GET con /favicon.ico - 29/5/2023
fatal: GET con /css/styles.css - 29/5/2023
